\BOOKMARK [1][-]{section.1}{\376\377\145\160\143\156\226\306\143\317\217\360}{}% 1
\BOOKMARK [1][-]{section.2}{\376\377\145\160\143\156\230\204\131\004\164\006}{}% 2
\BOOKMARK [2][-]{subsection.2.1}{\376\377\000a\000g\000e\000:\165\050\142\067\136\164\237\204}{section.2}% 3
\BOOKMARK [2][-]{subsection.2.2}{\376\377\000j\000o\000b\000:\200\114\116\032}{section.2}% 4
\BOOKMARK [2][-]{subsection.2.3}{\376\377\000m\000a\000r\000i\000t\000a\000l\000:\132\132\131\373\162\266\121\265}{section.2}% 5
\BOOKMARK [2][-]{subsection.2.4}{\376\377\000e\000d\000u\000c\000a\000t\000i\000o\000n\000:\123\327\145\131\200\262\172\013\136\246}{section.2}% 6
\BOOKMARK [2][-]{subsection.2.5}{\376\377\000d\000e\000f\000a\000u\000l\000t\000:\146\057\124\046\236\330\213\244\117\341\165\050}{section.2}% 7
\BOOKMARK [2][-]{subsection.2.6}{\376\377\000h\000o\000u\000s\000i\000n\000g\000:\146\057\124\046\147\011\142\077\215\067}{section.2}% 8
\BOOKMARK [2][-]{subsection.2.7}{\376\377\000l\000o\000a\000n\000:\146\057\124\046\147\011\116\052\116\272\215\067\153\076}{section.2}% 9
\BOOKMARK [2][-]{subsection.2.8}{\376\377\000c\000o\000n\000t\000a\000c\000t\000:\200\124\174\373\145\271\137\017\174\173\127\213}{section.2}% 10
\BOOKMARK [2][-]{subsection.2.9}{\376\377\000m\000o\000n\000t\000h\000:\147\054\136\164\136\246\116\012\116\000\153\041\200\124\174\373\166\204\147\010\116\375}{section.2}% 11
\BOOKMARK [2][-]{subsection.2.10}{\376\377\000d\000a\000y\000\137\000o\000f\000\137\000w\000e\000e\000k\000:\147\054\124\150\116\012\116\000\153\041\213\277\225\356\166\204\131\051}{section.2}% 12
\BOOKMARK [2][-]{subsection.2.11}{\376\377\000d\000u\000r\000a\000t\000i\000o\000n\000:\116\012\153\041\200\124\174\373\122\060\166\356\122\115\166\204\145\366\225\364}{section.2}% 13
\BOOKMARK [2][-]{subsection.2.12}{\376\377\000c\000a\000m\000p\000a\000i\000g\000n\000:\217\331\153\041\125\106\116\032\155\073\122\250\116\055\200\124\174\373\116\206\131\032\134\021\153\041}{section.2}% 14
\BOOKMARK [2][-]{subsection.2.13}{\376\377\000p\000d\000a\000y\000s\000:\116\012\153\041\125\106\122\241\155\073\122\250\116\055\147\000\124\016\116\000\153\041\200\124\174\373\122\060\163\260\127\050\166\204\131\051\145\160}{section.2}% 15
\BOOKMARK [2][-]{subsection.2.14}{\376\377\000p\000r\000e\000v\000i\000o\000u\000s\000:\147\054\153\041\125\106\116\032\155\073\122\250\122\115\116\016\153\144\165\050\142\067\200\124\174\373\166\204\153\041\145\160}{section.2}% 16
\BOOKMARK [2][-]{subsection.2.15}{\376\377\000p\000o\000u\000t\000c\000o\000m\000e\000:\116\012\153\041\125\106\116\032\155\073\122\250\176\323\147\234}{section.2}% 17
\BOOKMARK [2][-]{subsection.2.16}{\376\377\000e\000m\000p\000.\000v\000a\000r\000.\000r\000a\000t\000e\000:\134\061\116\032\163\207}{section.2}% 18
\BOOKMARK [2][-]{subsection.2.17}{\376\377\000c\000o\000n\000s\000.\000p\000r\000i\000c\000e\000.\000i\000d\000x\000:\155\210\215\071\200\005\116\367\150\074\143\007\145\160}{section.2}% 19
\BOOKMARK [2][-]{subsection.2.18}{\376\377\000c\000o\000n\000s\000.\000c\000o\000n\000f\000.\000i\000d\000x\000:\155\210\215\071\200\005\117\341\137\303\143\007\145\160}{section.2}% 20
\BOOKMARK [2][-]{subsection.2.19}{\376\377\000e\000u\000r\000i\000b\000o\000r\0003\000m\000:\153\047\121\103\123\072\124\014\116\032\142\306\120\037\122\051\163\207}{section.2}% 21
\BOOKMARK [2][-]{subsection.2.20}{\376\377\000n\000r\000.\000e\000m\000p\000l\000o\000y\000e\000d\000:\134\061\116\032\116\272\145\160}{section.2}% 22
\BOOKMARK [2][-]{subsection.2.21}{\376\377\000y\000:\165\050\142\067\146\057\124\046\133\232\147\037\133\130\153\076}{section.2}% 23
\BOOKMARK [1][-]{section.3}{\376\377\000K\000N\000N\173\227\154\325}{}% 24
\BOOKMARK [1][-]{section.4}{\376\377\000L\000o\000g\000i\000s\000t\000i\000c\000R\000e\000g\000r\000e\000s\000s\000i\000o\000n\173\227\154\325}{}% 25
\BOOKMARK [1][-]{section.5}{\376\377\155\113\213\325\176\323\147\234\116\016\122\006\147\220}{}% 26
\BOOKMARK [2][-]{subsection.5.1}{\376\377\000K\000N\000N\173\227\154\325\217\320\210\114\176\323\147\234\116\016\211\343\213\373}{section.5}% 27
\BOOKMARK [2][-]{subsection.5.2}{\376\377\000L\000o\000g\000i\000s\000t\000i\000c\000R\000e\000g\000r\000e\000s\000s\000i\000o\000n\173\227\154\325\217\320\210\114\176\323\147\234\116\016\211\343\213\373}{section.5}% 28
